<?xml version="1.0" encoding="UTF-8"?>
<testng-results skipped="0" failed="0" ignored="0" total="1" passed="1">
  <reporter-output>
  </reporter-output>
  <suite name="Default suite" duration-ms="97939" started-at="2018-05-27T12:48:39Z" finished-at="2018-05-27T12:50:17Z">
    <groups>
    </groups>
    <test name="Default test" duration-ms="97939" started-at="2018-05-27T12:48:39Z" finished-at="2018-05-27T12:50:17Z">
      <class name="overAll.testCasePaypal">
        <test-method status="PASS" signature="beforeSuite()[pri:0, instance:overAll.testCasePaypal@1a5fe33]" name="beforeSuite" is-config="true" duration-ms="605" started-at="2018-05-27T12:48:39Z" finished-at="2018-05-27T12:48:39Z">
          <reporter-output>
          </reporter-output>
        </test-method> <!-- beforeSuite -->
        <test-method status="PASS" signature="setData()[pri:0, instance:overAll.testCasePaypal@1a5fe33]" name="setData" is-config="true" duration-ms="0" started-at="2018-05-27T12:48:39Z" finished-at="2018-05-27T12:48:39Z">
          <reporter-output>
          </reporter-output>
        </test-method> <!-- setData -->
        <test-method status="PASS" signature="beforeClass()[pri:0, instance:overAll.testCasePaypal@1a5fe33]" name="beforeClass" is-config="true" duration-ms="0" started-at="2018-05-27T12:48:39Z" finished-at="2018-05-27T12:48:39Z">
          <reporter-output>
          </reporter-output>
        </test-method> <!-- beforeClass -->
        <test-method status="PASS" signature="beforeMethod()[pri:0, instance:overAll.testCasePaypal@1a5fe33]" name="beforeMethod" is-config="true" duration-ms="84396" started-at="2018-05-27T12:48:40Z" finished-at="2018-05-27T12:50:05Z">
          <reporter-output>
          </reporter-output>
        </test-method> <!-- beforeMethod -->
        <test-method status="PASS" signature="payPal(java.lang.String, java.lang.String, java.lang.String)[pri:0, instance:overAll.testCasePaypal@1a5fe33]" name="payPal" duration-ms="9585" started-at="2018-05-27T12:50:05Z" data-provider="fetchData" finished-at="2018-05-27T12:50:14Z">
          <params>
            <param index="0">
              <value>
                <![CDATA[abhinavpanoor@gmail.com]]>
              </value>
            </param>
            <param index="1">
              <value>
                <![CDATA[abhi123]]>
              </value>
            </param>
            <param index="2">
              <value>
                <![CDATA[Argentina]]>
              </value>
            </param>
          </params>
          <reporter-output>
          </reporter-output>
        </test-method> <!-- payPal -->
        <test-method status="PASS" signature="afterMethod()[pri:0, instance:overAll.testCasePaypal@1a5fe33]" name="afterMethod" is-config="true" duration-ms="3052" started-at="2018-05-27T12:50:14Z" finished-at="2018-05-27T12:50:17Z">
          <reporter-output>
          </reporter-output>
        </test-method> <!-- afterMethod -->
        <test-method status="PASS" signature="afterTest()[pri:0, instance:overAll.testCasePaypal@1a5fe33]" name="afterTest" is-config="true" duration-ms="0" started-at="2018-05-27T12:50:17Z" finished-at="2018-05-27T12:50:17Z">
          <reporter-output>
          </reporter-output>
        </test-method> <!-- afterTest -->
        <test-method status="PASS" signature="afterSuite()[pri:0, instance:overAll.testCasePaypal@1a5fe33]" name="afterSuite" is-config="true" duration-ms="439" started-at="2018-05-27T12:50:17Z" finished-at="2018-05-27T12:50:18Z">
          <reporter-output>
          </reporter-output>
        </test-method> <!-- afterSuite -->
      </class> <!-- overAll.testCasePaypal -->
    </test> <!-- Default test -->
  </suite> <!-- Default suite -->
</testng-results>
